<?xml version="1.0" encoding="UTF-8" ?>
<testsuite failures="0" time="0.859" errors="0" skipped="0" tests="1" name="jp.ndca.toolkit.cluster.lsh.hash.pstable.data.PstableDataHammingStoreTest">
  <properties>
    <property name="java.vendor" value="Sun Microsystems Inc."/>
    <property name="localRepository" value="C:\Documents and Settings\hattori_tsukasa\.m2\repository"/>
    <property name="sun.java.launcher" value="SUN_STANDARD"/>
    <property name="sun.management.compiler" value="HotSpot Client Compiler"/>
    <property name="env.PROMPT" value="$P$G"/>
    <property name="os.name" value="Windows XP"/>
    <property name="env.FP_NO_HOST_CHECK" value="NO"/>
    <property name="sun.boot.class.path" value="C:\Program Files\Java\jre6\lib\resources.jar;C:\Program Files\Java\jre6\lib\rt.jar;C:\Program Files\Java\jre6\lib\sunrsasign.jar;C:\Program Files\Java\jre6\lib\jsse.jar;C:\Program Files\Java\jre6\lib\jce.jar;C:\Program Files\Java\jre6\lib\charsets.jar;C:\Program Files\Java\jre6\classes"/>
    <property name="env.COMPUTERNAME" value="PC-1373"/>
    <property name="env.ALLUSERSPROFILE" value="C:\Documents and Settings\All Users.WINDOWS"/>
    <property name="sun.desktop" value="windows"/>
    <property name="java.vm.specification.vendor" value="Sun Microsystems Inc."/>
    <property name="java.runtime.version" value="1.6.0_12-b04"/>
    <property name="env.HOMEPATH" value="\Documents and Settings\hattori_tsukasa"/>
    <property name="env.__COMPAT_LAYER" value="EnableNXShowUI "/>
    <property name="user.name" value="hattori_tsukasa"/>
    <property name="env.QTJAVA" value="C:\Program Files\Java\jre1.6.0_06\lib\ext\QTJava.zip"/>
    <property name="user.language" value="ja"/>
    <property name="sun.boot.library.path" value="C:\Program Files\Java\jre6\bin"/>
    <property name="classworlds.conf" value="C:\eclipse\workspace\.metadata\.plugins\org.maven.ide.eclipse\launches\m2conf615442619360961828.tmp"/>
    <property name="java.version" value="1.6.0_12"/>
    <property name="env.PROCESSOR_IDENTIFIER" value="x86 Family 6 Model 15 Stepping 2, GenuineIntel"/>
    <property name="user.timezone" value=""/>
    <property name="env.CLIENTNAME" value="Console"/>
    <property name="env.TEMP" value="C:\DOCUME~1\HATTOR~1\LOCALS~1\Temp"/>
    <property name="sun.arch.data.model" value="32"/>
    <property name="java.endorsed.dirs" value="C:\Program Files\Java\jre6\lib\endorsed"/>
    <property name="sun.cpu.isalist" value="pentium_pro+mmx pentium_pro pentium+mmx pentium i486 i386 i86"/>
    <property name="env.HOMEDRIVE" value="C:"/>
    <property name="sun.jnu.encoding" value="MS932"/>
    <property name="file.encoding.pkg" value="sun.io"/>
    <property name="file.separator" value="\"/>
    <property name="java.specification.name" value="Java Platform API Specification"/>
    <property name="java.class.version" value="50.0"/>
    <property name="user.country" value="JP"/>
    <property name="java.home" value="C:\Program Files\Java\jre6"/>
    <property name="env.APPDATA" value="C:\Documents and Settings\hattori_tsukasa\Application Data"/>
    <property name="java.vm.info" value="mixed mode, sharing"/>
    <property name="env.ComSpec" value="C:\WINDOWS\system32\cmd.exe"/>
    <property name="env.OS" value="Windows_NT"/>
    <property name="env.CommonProgramFiles" value="C:\Program Files\Common Files"/>
    <property name="os.version" value="5.1"/>
    <property name="path.separator" value=";"/>
    <property name="java.vm.version" value="11.2-b01"/>
    <property name="user.variant" value=""/>
    <property name="env.USERPROFILE" value="C:\Documents and Settings\hattori_tsukasa"/>
    <property name="env.JAVA_HOME" value="C:\Program Files\Java\jdk1.6.0_12"/>
    <property name="java.awt.printerjob" value="sun.awt.windows.WPrinterJob"/>
    <property name="env.TMP" value="C:\DOCUME~1\HATTOR~1\LOCALS~1\Temp"/>
    <property name="sun.io.unicode.encoding" value="UnicodeLittle"/>
    <property name="awt.toolkit" value="sun.awt.windows.WToolkit"/>
    <property name="user.home" value="C:\Documents and Settings\hattori_tsukasa"/>
    <property name="env.SESSIONNAME" value="Console"/>
    <property name="java.specification.vendor" value="Sun Microsystems Inc."/>
    <property name="env.CLASSPATH" value=".;C:\Program Files\Java\jre1.6.0_06\lib\ext\QTJava.zip"/>
    <property name="env.NUMBER_OF_PROCESSORS" value="2"/>
    <property name="java.library.path" value="C:\Program Files\Java\jre6\bin;.;C:\WINDOWS\Sun\Java\bin;C:\WINDOWS\system32;C:\WINDOWS;C:/Program Files/Java/jre6/bin/client;C:/Program Files/Java/jre6/bin;C:\WINDOWS\system32;C:\WINDOWS;C:\WINDOWS\System32\Wbem;C:\Program Files\QuickTime\QTSystem\;C:\Program Files\MySQL\MySQL Server 5.1\bin;C:\Program Files\ListCREATOR_Web;;c:\usr\local\bin;c:\dviout;c:\gs\gs8.57\bin;c:\gs\gs8.57\lib;C:\Program Files\Java\jdk1.6.0_06\bin;C:\Program Files\eclipse\ant\bin;C:\Program Files\Apache Software Foundation\Tomcat 6.0\lib\servlet-api.jar;C:\Program Files\MySQL\MySQL Server 5.1\bin;C:\maven-2.0.10\bin"/>
    <property name="java.vendor.url" value="http://java.sun.com/"/>
    <property name="env.USERDNSDOMAIN" value="CYBERAGENT.CO.JP"/>
    <property name="java.vm.vendor" value="Sun Microsystems Inc."/>
    <property name="maven.home" value="EMBEDDED"/>
    <property name="java.runtime.name" value="Java(TM) SE Runtime Environment"/>
    <property name="java.class.path" value="/C:/eclipse/plugins/org.maven.ide.components.maven_embedder_2.1.0.20080530-2300/jars/plexus-classworlds-1.2-alpha-12.jar"/>
    <property name="java.vm.specification.name" value="Java Virtual Machine Specification"/>
    <property name="env.LOGONSERVER" value="\\ADSV2"/>
    <property name="env.windir" value="C:\WINDOWS"/>
    <property name="java.vm.specification.version" value="1.0"/>
    <property name="env.PROCESSOR_ARCHITECTURE" value="x86"/>
    <property name="sun.cpu.endian" value="little"/>
    <property name="sun.os.patch.level" value="Service Pack 3"/>
    <property name="env.ProgramFiles" value="C:\Program Files"/>
    <property name="env.ANT_HOME" value="C:\Program Files\eclipse\ant"/>
    <property name="surefire.test.class.path" value="C:\eclipse\workspace\toolkit.cluster.lsh\target\test-classes;C:\eclipse\workspace\toolkit.cluster.lsh\target\classes;C:\Documents and Settings\hattori_tsukasa\.m2\repository\junit\junit\4.6\junit-4.6.jar;"/>
    <property name="java.io.tmpdir" value="C:\DOCUME~1\HATTOR~1\LOCALS~1\Temp\"/>
    <property name="env.PROCESSOR_REVISION" value="0f02"/>
    <property name="java.vendor.url.bug" value="http://java.sun.com/cgi-bin/bugreport.cgi"/>
    <property name="env.SystemRoot" value="C:\WINDOWS"/>
    <property name="java.awt.graphicsenv" value="sun.awt.Win32GraphicsEnvironment"/>
    <property name="os.arch" value="x86"/>
    <property name="java.ext.dirs" value="C:\Program Files\Java\jre6\lib\ext;C:\WINDOWS\Sun\Java\lib\ext"/>
    <property name="user.dir" value="C:\eclipse\workspace\toolkit.cluster.lsh"/>
    <property name="line.separator" value="
"/>
    <property name="java.vm.name" value="Java HotSpot(TM) Client VM"/>
    <property name="env.PATHEXT" value=".COM;.EXE;.BAT;.CMD;.VBS;.VBE;.JS;.JSE;.WSF;.WSH"/>
    <property name="env.Path" value="C:/Program Files/Java/jre6/bin/client;C:/Program Files/Java/jre6/bin;C:\WINDOWS\system32;C:\WINDOWS;C:\WINDOWS\System32\Wbem;C:\Program Files\QuickTime\QTSystem\;C:\Program Files\MySQL\MySQL Server 5.1\bin;C:\Program Files\ListCREATOR_Web;;c:\usr\local\bin;c:\dviout;c:\gs\gs8.57\bin;c:\gs\gs8.57\lib;C:\Program Files\Java\jdk1.6.0_06\bin;C:\Program Files\eclipse\ant\bin;C:\Program Files\Apache Software Foundation\Tomcat 6.0\lib\servlet-api.jar;C:\Program Files\MySQL\MySQL Server 5.1\bin;C:\maven-2.0.10\bin"/>
    <property name="basedir" value="C:\eclipse\workspace\toolkit.cluster.lsh"/>
    <property name="maven.mode.standalone" value="true"/>
    <property name="env.USERNAME" value="hattori_tsukasa"/>
    <property name="env.SystemDrive" value="C:"/>
    <property name="file.encoding" value="MS932"/>
    <property name="env.USERDOMAIN" value="CATK"/>
    <property name="java.specification.version" value="1.6"/>
    <property name="env.PROCESSOR_LEVEL" value="6"/>
  </properties>
  <testcase time="0.844" classname="jp.ndca.toolkit.cluster.lsh.hash.pstable.data.PstableDataHammingStoreTest" name="testSearchi"/>
</testsuite>